2023-12-14 10:36:30,523 - INFO - Simple game started
2023-12-14 10:36:33,700 - INFO - Board initialised with size 5
2023-12-14 10:36:33,700 - INFO - Battleships created from file successfully
2023-12-14 10:36:33,700 - INFO - Battleships placed on board successfully.
2023-12-14 10:36:37,035 - INFO - Player attacked (0, 0)
2023-12-14 10:36:39,599 - INFO - Player attacked (0, 1)
2023-12-14 10:36:41,003 - INFO - Player attacked (0, 2)
2023-12-14 10:36:42,625 - INFO - Player attacked (0, 3)
2023-12-14 10:36:44,236 - INFO - Player attacked (0, 4)
2023-12-14 10:36:46,434 - WARNING - Invalid coordinate input: (0, 5)
2023-12-14 10:37:10,755 - INFO - Simple game started
2023-12-14 10:37:17,343 - INFO - Board initialised with size 5
2023-12-14 10:37:17,344 - INFO - Battleships created from file successfully
2023-12-14 10:37:17,344 - INFO - Battleships placed on board successfully.
2023-12-14 10:37:20,056 - WARNING - Invalid coordinate input: (5, 5)
2023-12-14 10:37:44,578 - INFO - Simple game started
2023-12-14 10:37:46,028 - INFO - Board initialised with size 5
2023-12-14 10:37:46,029 - INFO - Battleships created from file successfully
2023-12-14 10:37:46,029 - INFO - Battleships placed on board successfully.
2023-12-14 10:37:48,053 - INFO - Player attacked (0, 0)
2023-12-14 10:37:50,316 - WARNING - Invalid coordinate input: (5, 5)
2023-12-14 10:38:02,479 - INFO - Player attacked (1, 1)
2023-12-14 10:43:10,453 - INFO - Board initialised with size 5
2023-12-14 10:43:10,454 - INFO - Battleships created from file successfully
2023-12-14 10:43:10,454 - INFO - Battleships placed on board successfully.
2023-12-14 10:43:10,454 - INFO - Battleships placed on board successfully.
2023-12-14 10:44:16,733 - INFO - Board initialised with size 6
2023-12-14 10:44:16,734 - INFO - Battleships created from file successfully
2023-12-14 10:44:16,734 - INFO - Battleships placed on board successfully.
2023-12-14 10:44:16,734 - INFO - Battleships placed on board successfully.
2023-12-14 11:00:49,602 - INFO - Board initialised with size 5
2023-12-14 11:00:49,602 - INFO - Battleships created from file successfully
2023-12-14 11:00:49,602 - INFO - Battleships placed on board successfully.
2023-12-14 11:01:25,617 - INFO - Board initialised with size 6
2023-12-14 11:01:25,617 - INFO - Battleships created from file successfully
2023-12-14 11:01:25,618 - INFO - Battleships placed on board successfully.
2023-12-14 11:03:47,220 - INFO - Board initialised with size 6
2023-12-14 11:03:47,221 - INFO - Battleships created from file successfully
2023-12-14 11:03:47,221 - INFO - Battleships placed on board successfully.
2023-12-14 11:05:22,518 - INFO - Board initialised with size 6
2023-12-14 11:05:22,518 - INFO - Battleships created from file successfully
2023-12-14 11:05:22,518 - INFO - Battleships placed on board successfully.
2023-12-14 11:06:03,062 - INFO - Board initialised with size 6
2023-12-14 11:06:03,063 - INFO - Battleships created from file successfully
2023-12-14 11:06:03,063 - INFO - Battleships placed on board successfully.
2023-12-14 11:06:03,063 - INFO - Battleships placed on board successfully.
2023-12-14 11:08:50,566 - INFO - Board initialised with size 7
2023-12-14 11:08:50,567 - INFO - Battleships created from file successfully
2023-12-14 11:08:50,567 - INFO - Battleships placed on board successfully.
2023-12-14 11:08:50,567 - INFO - Battleships placed on board successfully.
2023-12-14 11:09:36,162 - INFO - Board initialised with size 6
2023-12-14 11:09:36,162 - INFO - Battleships created from file successfully
2023-12-14 11:09:36,162 - INFO - Battleships placed on board successfully.
2023-12-14 11:09:36,163 - INFO - Battleships placed on board successfully.
2023-12-14 11:12:36,217 - INFO - Battleships created from file successfully
2023-12-14 11:12:36,218 - INFO - Board initialised with size 6
2023-12-14 11:12:36,218 - INFO - Battleships placed on board successfully.
2023-12-14 11:12:36,218 - INFO - Board initialised with size 6
2023-12-14 11:12:55,401 - INFO - Battleships created from file successfully
2023-12-14 11:12:55,401 - INFO - Battleships created from file successfully
2023-12-14 11:12:55,401 - INFO - Board initialised with size 6
2023-12-14 11:12:55,401 - INFO - Battleships placed on board successfully.
2023-12-14 11:12:55,401 - INFO - Board initialised with size 6
2023-12-14 11:12:55,401 - INFO - Battleships placed on board successfully.
2023-12-14 11:13:18,516 - INFO - Battleships created from file successfully
2023-12-14 11:13:18,516 - INFO - Battleships created from file successfully
2023-12-14 11:13:18,516 - INFO - Board initialised with size 6
2023-12-14 11:13:18,516 - INFO - Battleships placed on board successfully.
2023-12-14 11:13:18,516 - INFO - Board initialised with size 6
2023-12-14 11:13:18,516 - INFO - Battleships placed on board successfully.
2023-12-14 11:14:46,198 - INFO - Battleships created from file successfully
2023-12-14 11:14:46,199 - INFO - Battleships created from file successfully
2023-12-14 11:14:46,199 - INFO - Board initialised with size 6
2023-12-14 11:14:46,199 - INFO - Battleships placed on board successfully.
2023-12-14 11:14:46,199 - INFO - Board initialised with size 6
2023-12-14 11:14:46,199 - INFO - Battleships placed on board successfully.
2023-12-14 11:15:20,427 - INFO - Battleships created from file successfully
2023-12-14 11:15:20,427 - INFO - Battleships created from file successfully
2023-12-14 11:15:20,427 - INFO - Board initialised with size 5
2023-12-14 11:15:46,012 - INFO - Battleships created from file successfully
2023-12-14 11:15:46,013 - INFO - Battleships created from file successfully
2023-12-14 11:15:46,013 - INFO - Board initialised with size 6
2023-12-14 11:15:46,013 - INFO - Battleships placed on board successfully.
2023-12-14 11:15:46,013 - INFO - Board initialised with size 6
2023-12-14 11:15:46,013 - INFO - Battleships placed on board successfully.
2023-12-14 11:16:33,529 - INFO - Battleships created from file successfully
2023-12-14 11:16:33,529 - INFO - Battleships created from file successfully
2023-12-14 11:16:33,530 - INFO - Board initialised with size 5
2023-12-14 11:16:33,530 - INFO - Battleships placed on board successfully.
2023-12-14 11:16:33,530 - INFO - Board initialised with size 5
2023-12-14 11:16:33,530 - INFO - Battleships placed on board successfully.
2023-12-14 11:16:36,159 - INFO - oly has attacked coordinates (0, 0).
2023-12-14 11:16:36,159 - INFO - AI has attacked coordinates (1, 0).
2023-12-14 11:16:38,725 - INFO - oly has attacked coordinates (0, 1).
2023-12-14 11:16:38,726 - INFO - AI has attacked coordinates (1, 2).
2023-12-14 11:16:42,369 - INFO - oly has attacked coordinates (0, 2).
2023-12-14 11:16:42,369 - INFO - AI has attacked coordinates (4, 0).
2023-12-14 11:16:44,295 - INFO - oly has attacked coordinates (0, 3).
2023-12-14 11:16:44,295 - INFO - AI has attacked coordinates (2, 0).
2023-12-14 11:16:46,354 - INFO - oly has attacked coordinates (0, 4).
2023-12-14 11:16:46,355 - INFO - AI has attacked coordinates (1, 4).
2023-12-14 11:16:48,649 - INFO - oly has attacked coordinates (1, 0).
2023-12-14 11:16:48,650 - INFO - AI has attacked coordinates (0, 1).
2023-12-14 11:16:50,547 - INFO - oly has attacked coordinates (2, 0).
2023-12-14 11:16:50,547 - INFO - AI has attacked coordinates (3, 3).
2023-12-14 11:16:52,115 - INFO - oly has attacked coordinates (2, 3).
2023-12-14 11:16:52,116 - INFO - AI has attacked coordinates (2, 2).
2023-12-14 11:16:56,585 - INFO - oly has attacked coordinates (3, 0).
2023-12-14 11:16:56,585 - INFO - AI has attacked coordinates (1, 3).
2023-12-14 11:17:00,465 - INFO - Aircraft Carrier has been sunk!
2023-12-14 11:17:00,466 - INFO - oly has attacked coordinates (4, 0).
2023-12-14 11:17:00,466 - INFO - AI has attacked coordinates (4, 4).
2023-12-14 11:17:16,293 - INFO - Battleships created from file successfully
2023-12-14 11:17:16,293 - INFO - Battleships created from file successfully
2023-12-14 11:17:16,293 - INFO - Board initialised with size 6
2023-12-14 11:17:16,293 - INFO - Battleships placed on board successfully.
2023-12-14 11:17:16,294 - INFO - Board initialised with size 6
2023-12-14 11:17:16,294 - INFO - Battleships placed on board successfully.
2023-12-14 11:17:18,535 - INFO - Olly has attacked coordinates (0, 0).
2023-12-14 11:17:18,535 - INFO - AI has attacked coordinates (0, 3).
2023-12-14 11:17:20,801 - INFO - Olly has attacked coordinates (0, 1).
2023-12-14 11:17:20,802 - INFO - AI has attacked coordinates (5, 4).
2023-12-14 11:17:22,453 - INFO - Olly has attacked coordinates (0, 2).
2023-12-14 11:17:22,453 - INFO - AI has attacked coordinates (5, 5).
2023-12-14 11:17:25,618 - INFO - Olly has attacked coordinates (1, 0).
2023-12-14 11:17:25,618 - INFO - AI has attacked coordinates (5, 1).
2023-12-14 11:17:35,815 - INFO - Olly has attacked coordinates (1, 1).
2023-12-14 11:17:35,815 - INFO - AI has attacked coordinates (4, 0).
2023-12-14 11:17:38,746 - INFO - Olly has attacked coordinates (2, 1).
2023-12-14 11:17:38,746 - INFO - AI has attacked coordinates (0, 2).
2023-12-14 11:17:39,705 - INFO - Olly has attacked coordinates (3, 1).
2023-12-14 11:17:39,706 - INFO - AI has attacked coordinates (1, 2).
2023-12-14 11:17:40,701 - INFO - Aircraft Carrier has been sunk!
2023-12-14 11:17:40,701 - INFO - Olly has attacked coordinates (4, 1).
2023-12-14 11:17:40,701 - INFO - AI has attacked coordinates (2, 2).
2023-12-14 11:18:20,874 - INFO - Battleships created from file successfully
2023-12-14 11:18:20,874 - INFO - Battleships created from file successfully
2023-12-14 11:18:20,874 - INFO - Board initialised with size 5
2023-12-14 11:19:07,345 - INFO - Battleships created from file successfully
2023-12-14 11:19:07,345 - INFO - Battleships created from file successfully
2023-12-14 11:19:07,346 - INFO - Board initialised with size 6
2023-12-14 11:19:07,346 - INFO - Battleships placed on board successfully.
2023-12-14 11:19:07,346 - INFO - Board initialised with size 6
2023-12-14 11:19:07,346 - INFO - Battleships placed on board successfully.
2023-12-14 11:19:09,051 - INFO - Olly has attacked coordinates (0, 0).
2023-12-14 11:19:09,052 - INFO - AI has attacked coordinates (4, 0).
2023-12-14 11:19:36,356 - INFO - Olly has attacked coordinates (1, 1).
2023-12-14 11:19:36,356 - INFO - AI has attacked coordinates (4, 3).
2023-12-14 11:19:52,905 - INFO - Olly has attacked coordinates (0, 1).
2023-12-14 11:19:52,905 - INFO - AI has attacked coordinates (5, 3).
2023-12-14 11:25:39,407 - INFO - Simple game started
2023-12-14 11:25:42,003 - INFO - Board initialised with size 5
2023-12-14 11:25:42,004 - INFO - Battleships created from file successfully
2023-12-14 11:25:42,004 - INFO - Battleships placed on board successfully.
2023-12-14 11:25:47,031 - INFO - Player attacked (0, 0)
2023-12-14 11:25:49,790 - INFO - Player attacked (0, 1)
2023-12-14 11:25:53,023 - INFO - Player attacked (2, 0)
2023-12-14 11:25:56,188 - INFO - Player attacked (1, 0)
2023-12-14 11:25:58,291 - INFO - Player attacked (3, 0)
2023-12-14 11:25:59,345 - INFO - Aircraft Carrier has been sunk!
2023-12-14 11:25:59,345 - INFO - Player attacked (4, 0)
2023-12-14 11:26:03,206 - INFO - Player attacked (1, 1)
2023-12-14 11:26:05,025 - INFO - Player attacked (2, 1)
2023-12-14 11:26:07,050 - INFO - Battleship has been sunk!
2023-12-14 11:26:07,050 - INFO - Player attacked (3, 1)
2023-12-14 11:26:12,829 - INFO - Player attacked (2, 2)
2023-12-14 11:26:14,086 - INFO - Player attacked (0, 2)
2023-12-14 11:26:16,114 - INFO - Player attacked (3, 2)
2023-12-14 11:26:17,092 - INFO - Cruiser has been sunk!
2023-12-14 11:26:17,093 - INFO - Player attacked (1, 2)
2023-12-14 11:26:24,737 - WARNING - Invalid coordinate input: (13, 3)
2023-12-14 11:26:27,126 - INFO - Player attacked (1, 3)
2023-12-14 11:26:31,642 - INFO - Player attacked (0, 3)
2023-12-14 11:26:34,986 - INFO - Player attacked (3, 3)
2023-12-14 11:26:36,309 - INFO - Submarine has been sunk!
2023-12-14 11:26:36,309 - INFO - Player attacked (2, 3)
2023-12-14 11:27:11,182 - INFO - Player attacked (0, 4)
2023-12-14 11:27:13,575 - INFO - Destroyer has been sunk!
2023-12-14 11:27:13,575 - INFO - Player attacked (1, 4)
2023-12-14 11:27:13,575 - INFO - Game completed successfully.
2023-12-14 11:27:35,050 - INFO - Battleships created from file successfully
2023-12-14 11:27:35,050 - INFO - Battleships created from file successfully
2023-12-14 11:27:35,050 - INFO - Board initialised with size 6
2023-12-14 11:27:35,050 - INFO - Battleships placed on board successfully.
2023-12-14 11:27:35,050 - INFO - Board initialised with size 6
2023-12-14 11:27:35,051 - INFO - Battleships placed on board successfully.
2023-12-14 11:27:37,236 - INFO - Olly has attacked coordinates (0, 0).
2023-12-14 11:27:37,237 - INFO - AI has attacked coordinates (1, 4).
2023-12-14 11:27:45,131 - INFO - Olly has attacked coordinates (0, 1).
2023-12-14 11:27:45,132 - INFO - AI has attacked coordinates (1, 5).
2023-12-14 11:27:48,508 - INFO - Olly has attacked coordinates (2, 0).
2023-12-14 11:27:48,508 - INFO - AI has attacked coordinates (1, 3).
2023-12-14 11:27:50,245 - INFO - Olly has attacked coordinates (3, 0).
2023-12-14 11:27:50,245 - INFO - AI has attacked coordinates (1, 2).
2023-12-14 11:27:52,619 - INFO - Olly has attacked coordinates (4, 0).
2023-12-14 11:27:52,619 - INFO - AI has attacked coordinates (1, 1).
2023-12-14 11:27:52,620 - INFO - Submarine has been sunk!
2023-12-14 11:27:57,721 - INFO - Battleship has been sunk!
2023-12-14 11:27:57,722 - INFO - Olly has attacked coordinates (5, 0).
2023-12-14 11:27:57,722 - INFO - AI has attacked coordinates (1, 0).
2023-12-14 11:28:15,184 - INFO - Olly has attacked coordinates (1, 0).
2023-12-14 11:28:15,184 - INFO - AI has attacked coordinates (3, 3).
2023-12-14 11:28:36,216 - INFO - Olly has attacked coordinates (1, 1).
2023-12-14 11:28:36,216 - INFO - AI has attacked coordinates (3, 4).
2023-12-14 11:28:38,692 - INFO - Olly has attacked coordinates (1, 2).
2023-12-14 11:28:38,692 - INFO - AI has attacked coordinates (3, 2).
2023-12-14 11:28:50,280 - INFO - Olly has attacked coordinates (2, 2).
2023-12-14 11:28:50,280 - INFO - AI has attacked coordinates (3, 5).
2023-12-14 11:28:52,863 - INFO - Olly has attacked coordinates (2, 3).
2023-12-14 11:28:52,863 - INFO - AI has attacked coordinates (0, 1).
2023-12-14 11:28:58,163 - INFO - Olly has attacked coordinates (2, 4).
2023-12-14 11:28:58,163 - INFO - AI has attacked coordinates (2, 1).
2023-12-14 11:29:02,157 - INFO - Olly has attacked coordinates (2, 5).
2023-12-14 11:29:02,158 - INFO - AI has attacked coordinates (2, 3).
2023-12-14 11:29:07,597 - INFO - Olly has attacked coordinates (3, 3).
2023-12-14 11:29:07,597 - INFO - AI has attacked coordinates (0, 3).
2023-12-14 11:29:10,284 - INFO - Olly has attacked coordinates (3, 4).
2023-12-14 11:29:10,284 - INFO - AI has attacked coordinates (4, 3).
2023-12-14 11:29:10,286 - INFO - Cruiser has been sunk!
2023-12-14 11:29:12,670 - INFO - Olly has attacked coordinates (3, 5).
2023-12-14 11:29:12,671 - INFO - AI has attacked coordinates (5, 3).
2023-12-14 11:29:15,662 - INFO - Olly has attacked coordinates (4, 1).
2023-12-14 11:33:16,123 - INFO - Battleships created from file successfully
2023-12-14 11:33:16,123 - INFO - Battleships created from file successfully
2023-12-14 11:33:16,123 - INFO - Board initialised with size 6
2023-12-14 11:33:16,124 - INFO - Battleships placed on board successfully.
2023-12-14 11:33:16,124 - INFO - Board initialised with size 6
2023-12-14 11:33:16,124 - INFO - Battleships placed on board successfully.
2023-12-14 11:33:18,309 - INFO - Olly has attacked coordinates (0, 0).
2023-12-14 11:33:18,310 - INFO - AI has attacked coordinates (4, 4).
2023-12-14 11:34:04,048 - INFO - Olly has attacked coordinates (0, 1).
2023-12-14 11:34:04,048 - INFO - AI has attacked coordinates (5, 4).
2023-12-14 11:34:23,289 - INFO - Destroyer has been sunk!
2023-12-14 11:34:23,289 - INFO - Olly has attacked coordinates (0, 2).
2023-12-14 11:34:23,290 - INFO - AI has attacked coordinates (4, 3).
2023-12-14 11:34:35,604 - INFO - Olly has attacked coordinates (0, 4).
2023-12-14 11:34:35,604 - INFO - AI has attacked coordinates (3, 4).
2023-12-14 11:34:53,393 - INFO - Olly has attacked coordinates (1, 0).
2023-12-14 11:34:53,393 - INFO - AI has attacked coordinates (2, 4).
2023-12-14 11:35:04,200 - INFO - Olly has attacked coordinates (0, 5).
2023-12-14 11:35:04,200 - INFO - AI has attacked coordinates (1, 4).
2023-12-14 11:35:22,479 - INFO - Olly has attacked coordinates (1, 1).
2023-12-14 11:35:22,479 - INFO - AI has attacked coordinates (0, 4).
2023-12-14 11:35:22,480 - INFO - Aircraft Carrier has been sunk!
2023-12-14 11:35:32,109 - INFO - Olly has attacked coordinates (1, 2).
2023-12-14 11:35:32,109 - INFO - AI has attacked coordinates (4, 5).
2023-12-14 11:36:07,104 - INFO - Olly has attacked coordinates (3, 4).
2023-12-14 11:36:07,104 - INFO - AI has attacked coordinates (4, 1).
2023-12-14 11:36:12,631 - INFO - Olly has attacked coordinates (4, 4).
2023-12-14 11:36:12,631 - INFO - AI has attacked coordinates (0, 1).
2023-12-14 11:36:14,812 - INFO - Olly has attacked coordinates (5, 4).
2023-12-14 11:36:14,812 - INFO - AI has attacked coordinates (1, 3).
2023-12-14 11:36:18,040 - INFO - Submarine has been sunk!
2023-12-14 11:36:18,040 - INFO - Olly has attacked coordinates (2, 4).
2023-12-14 11:36:18,040 - INFO - AI has attacked coordinates (2, 5).
2023-12-14 11:36:27,685 - INFO - Olly has attacked coordinates (5, 5).
2023-12-14 11:36:27,685 - INFO - AI has attacked coordinates (2, 1).
2023-12-14 11:36:32,367 - INFO - Olly has attacked coordinates (4, 3).
2023-12-14 11:36:32,367 - INFO - AI has attacked coordinates (2, 3).
2023-12-14 12:53:49,061 - INFO - [31m[1mWARNING: This is a development server. Do not use it in a production deployment. Use a production WSGI server instead.[0m
 * Running on http://127.0.0.1:5000
2023-12-14 12:53:49,062 - INFO - [33mPress CTRL+C to quit[0m
2023-12-14 12:53:56,868 - INFO - Battleships created from file successfully
2023-12-14 12:53:56,901 - INFO - 127.0.0.1 - - [14/Dec/2023 12:53:56] "GET /placement HTTP/1.1" 200 -
2023-12-14 12:53:56,945 - INFO - 127.0.0.1 - - [14/Dec/2023 12:53:56] "[33mGET /favicon.ico HTTP/1.1[0m" 404 -
2023-12-14 12:53:59,206 - INFO - 127.0.0.1 - - [14/Dec/2023 12:53:59] "GET /setup HTTP/1.1" 200 -
2023-12-14 12:54:04,121 - INFO - Game setup succesful. Difficulty - hard Board Size - 10
2023-12-14 12:54:04,121 - INFO - 127.0.0.1 - - [14/Dec/2023 12:54:04] "POST /setup HTTP/1.1" 200 -
2023-12-14 12:54:05,364 - INFO - Battleships created from file successfully
2023-12-14 12:54:05,367 - INFO - 127.0.0.1 - - [14/Dec/2023 12:54:05] "GET /placement HTTP/1.1" 200 -
2023-12-14 12:54:11,837 - INFO - Battleships created from file successfully
2023-12-14 12:54:11,838 - INFO - Board initialised with size 10
2023-12-14 12:54:11,838 - INFO - Battleships placed on board successfully.
2023-12-14 12:54:11,838 - INFO - Battleships created from file successfully
2023-12-14 12:54:11,838 - INFO - Board initialised with size 10
2023-12-14 12:54:11,839 - INFO - Battleships placed on board successfully.
2023-12-14 12:54:11,839 - INFO - Battleships created from file successfully
2023-12-14 12:54:11,839 - INFO - Boards initialised
2023-12-14 12:54:11,839 - INFO - 127.0.0.1 - - [14/Dec/2023 12:54:11] "POST /placement HTTP/1.1" 200 -
2023-12-14 12:54:12,843 - INFO - 127.0.0.1 - - [14/Dec/2023 12:54:12] "GET / HTTP/1.1" 200 -
2023-12-14 12:54:13,319 - INFO - Player attack: 6, 1
2023-12-14 12:54:13,320 - INFO - AI attack: (2, 5)
2023-12-14 12:54:13,320 - INFO - 127.0.0.1 - - [14/Dec/2023 12:54:13] "GET /attack?x=6&y=1 HTTP/1.1" 200 -
2023-12-14 12:54:13,918 - INFO - Player attack: 3, 2
2023-12-14 12:54:13,919 - INFO - AI attack: (9, 5)
2023-12-14 12:54:13,919 - INFO - 127.0.0.1 - - [14/Dec/2023 12:54:13] "GET /attack?x=3&y=2 HTTP/1.1" 200 -
2023-12-14 12:54:14,473 - INFO - Player attack: 4, 4
2023-12-14 12:54:14,473 - INFO - AI attack: (3, 7)
2023-12-14 12:54:14,474 - INFO - 127.0.0.1 - - [14/Dec/2023 12:54:14] "GET /attack?x=4&y=4 HTTP/1.1" 200 -
2023-12-14 12:54:14,886 - INFO - Player attack: 6, 4
2023-12-14 12:54:14,886 - INFO - AI attack: (2, 2)
2023-12-14 12:54:14,887 - INFO - 127.0.0.1 - - [14/Dec/2023 12:54:14] "GET /attack?x=6&y=4 HTTP/1.1" 200 -
2023-12-14 12:54:15,499 - INFO - Player attack: 6, 3
2023-12-14 12:54:15,500 - INFO - AI attack: (0, 7)
2023-12-14 12:54:15,500 - INFO - 127.0.0.1 - - [14/Dec/2023 12:54:15] "GET /attack?x=6&y=3 HTTP/1.1" 200 -
2023-12-14 12:54:16,004 - INFO - Player attack: 7, 1
2023-12-14 12:54:16,004 - INFO - AI attack: (4, 6)
2023-12-14 12:54:16,004 - INFO - 127.0.0.1 - - [14/Dec/2023 12:54:16] "GET /attack?x=7&y=1 HTTP/1.1" 200 -
2023-12-14 12:54:16,487 - INFO - Player attack: 5, 1
2023-12-14 12:54:16,487 - INFO - AI attack: (4, 8)
2023-12-14 12:54:16,487 - INFO - 127.0.0.1 - - [14/Dec/2023 12:54:16] "GET /attack?x=5&y=1 HTTP/1.1" 200 -
2023-12-14 12:54:16,898 - INFO - Player attack: 6, 2
2023-12-14 12:54:16,899 - INFO - AI attack: (7, 0)
2023-12-14 12:54:16,899 - INFO - 127.0.0.1 - - [14/Dec/2023 12:54:16] "GET /attack?x=6&y=2 HTTP/1.1" 200 -
2023-12-14 12:54:17,323 - INFO - Submarine has been sunk!
2023-12-14 12:54:17,324 - INFO - Player attack: 6, 0
2023-12-14 12:54:17,324 - INFO - AI attack: (7, 1)
2023-12-14 12:54:17,324 - INFO - 127.0.0.1 - - [14/Dec/2023 12:54:17] "GET /attack?x=6&y=0 HTTP/1.1" 200 -
2023-12-14 12:54:17,985 - INFO - Player attack: 7, 2
2023-12-14 12:54:17,986 - INFO - AI attack: (8, 0)
2023-12-14 12:54:17,986 - INFO - 127.0.0.1 - - [14/Dec/2023 12:54:17] "GET /attack?x=7&y=2 HTTP/1.1" 200 -
2023-12-14 12:54:18,542 - INFO - Player attack: 7, 5
2023-12-14 12:54:18,542 - INFO - AI attack: (6, 0)
2023-12-14 12:54:18,542 - INFO - 127.0.0.1 - - [14/Dec/2023 12:54:18] "GET /attack?x=7&y=5 HTTP/1.1" 200 -
2023-12-14 12:54:18,904 - INFO - Player attack: 3, 5
2023-12-14 12:54:18,904 - INFO - AI attack: (5, 0)
2023-12-14 12:54:18,904 - INFO - 127.0.0.1 - - [14/Dec/2023 12:54:18] "GET /attack?x=3&y=5 HTTP/1.1" 200 -
2023-12-14 12:54:19,265 - INFO - Player attack: 1, 6
2023-12-14 12:54:19,265 - INFO - AI attack: (4, 0)
2023-12-14 12:54:19,266 - INFO - 127.0.0.1 - - [14/Dec/2023 12:54:19] "GET /attack?x=1&y=6 HTTP/1.1" 200 -
2023-12-14 12:54:19,699 - INFO - Player attack: 3, 7
2023-12-14 12:54:19,700 - INFO - Aircraft Carrier has been sunk!
2023-12-14 12:54:19,700 - INFO - AI attack: (3, 0)
2023-12-14 12:54:19,700 - INFO - 127.0.0.1 - - [14/Dec/2023 12:54:19] "GET /attack?x=3&y=7 HTTP/1.1" 200 -
2023-12-14 12:54:20,147 - INFO - Player attack: 4, 6
2023-12-14 12:54:20,147 - INFO - AI attack: (2, 0)
2023-12-14 12:54:20,147 - INFO - 127.0.0.1 - - [14/Dec/2023 12:54:20] "GET /attack?x=4&y=6 HTTP/1.1" 200 -
2023-12-14 12:54:20,633 - INFO - Player attack: 3, 4
2023-12-14 12:54:20,634 - INFO - AI attack: (5, 3)
2023-12-14 12:54:20,634 - INFO - 127.0.0.1 - - [14/Dec/2023 12:54:20] "GET /attack?x=3&y=4 HTTP/1.1" 200 -
2023-12-14 12:54:20,996 - INFO - Player attack: 1, 4
2023-12-14 12:54:20,996 - INFO - AI attack: (4, 9)
2023-12-14 12:54:20,996 - INFO - 127.0.0.1 - - [14/Dec/2023 12:54:20] "GET /attack?x=1&y=4 HTTP/1.1" 200 -
2023-12-14 12:54:21,302 - INFO - Player attack: 2, 5
2023-12-14 12:54:21,302 - INFO - AI attack: (4, 4)
2023-12-14 12:54:21,302 - INFO - 127.0.0.1 - - [14/Dec/2023 12:54:21] "GET /attack?x=2&y=5 HTTP/1.1" 200 -
2023-12-14 12:54:21,745 - INFO - Player attack: 4, 5
2023-12-14 12:54:21,745 - INFO - AI attack: (4, 3)
2023-12-14 12:54:21,746 - INFO - 127.0.0.1 - - [14/Dec/2023 12:54:21] "GET /attack?x=4&y=5 HTTP/1.1" 200 -
2023-12-14 12:54:22,224 - WARNING - Repeated attack coordinates: 2, 5
2023-12-14 12:54:22,224 - ERROR - Exception on /attack [GET]
Traceback (most recent call last):
  File "C:\Users\Owner\AppData\Local\Packages\PythonSoftwareFoundation.Python.3.11_qbz5n2kfra8p0\LocalCache\local-packages\Python311\site-packages\flask\app.py", line 1455, in wsgi_app
    response = self.full_dispatch_request()
               ^^^^^^^^^^^^^^^^^^^^^^^^^^^^
  File "C:\Users\Owner\AppData\Local\Packages\PythonSoftwareFoundation.Python.3.11_qbz5n2kfra8p0\LocalCache\local-packages\Python311\site-packages\flask\app.py", line 870, in full_dispatch_request
    return self.finalize_request(rv)
           ^^^^^^^^^^^^^^^^^^^^^^^^^
  File "C:\Users\Owner\AppData\Local\Packages\PythonSoftwareFoundation.Python.3.11_qbz5n2kfra8p0\LocalCache\local-packages\Python311\site-packages\flask\app.py", line 889, in finalize_request
    response = self.make_response(rv)
               ^^^^^^^^^^^^^^^^^^^^^^
  File "C:\Users\Owner\AppData\Local\Packages\PythonSoftwareFoundation.Python.3.11_qbz5n2kfra8p0\LocalCache\local-packages\Python311\site-packages\flask\app.py", line 1161, in make_response
    raise TypeError(
TypeError: The view function for 'process_attack' did not return a valid response. The function either returned None or ended without a return statement.
2023-12-14 12:54:22,234 - INFO - 127.0.0.1 - - [14/Dec/2023 12:54:22] "[35m[1mGET /attack?x=2&y=5 HTTP/1.1[0m" 500 -
2023-12-14 12:54:22,519 - INFO - Player attack: 1, 5
2023-12-14 12:54:22,519 - INFO - AI attack: (3, 4)
2023-12-14 12:54:22,519 - INFO - 127.0.0.1 - - [14/Dec/2023 12:54:22] "GET /attack?x=1&y=5 HTTP/1.1" 200 -
2023-12-14 12:54:22,987 - INFO - Player attack: 2, 4
2023-12-14 12:54:22,987 - INFO - AI attack: (5, 4)
2023-12-14 12:54:22,987 - INFO - 127.0.0.1 - - [14/Dec/2023 12:54:22] "GET /attack?x=2&y=4 HTTP/1.1" 200 -
2023-12-14 12:54:23,282 - INFO - Battleship has been sunk!
2023-12-14 12:54:23,282 - INFO - Player attack: 0, 5
2023-12-14 12:54:23,282 - INFO - Destroyer has been sunk!
2023-12-14 12:54:23,283 - INFO - AI attack: (4, 5)
2023-12-14 12:54:23,283 - INFO - 127.0.0.1 - - [14/Dec/2023 12:54:23] "GET /attack?x=0&y=5 HTTP/1.1" 200 -
2023-12-14 12:54:23,809 - INFO - Player attack: 2, 6
2023-12-14 12:54:23,810 - INFO - AI attack: (6, 7)
2023-12-14 12:54:23,810 - INFO - 127.0.0.1 - - [14/Dec/2023 12:54:23] "GET /attack?x=2&y=6 HTTP/1.1" 200 -
2023-12-14 12:54:24,192 - INFO - Player attack: 2, 7
2023-12-14 12:54:24,193 - INFO - AI attack: (6, 6)
2023-12-14 12:54:24,193 - INFO - 127.0.0.1 - - [14/Dec/2023 12:54:24] "GET /attack?x=2&y=7 HTTP/1.1" 200 -
2023-12-14 12:54:24,537 - INFO - Player attack: 2, 8
2023-12-14 12:54:24,538 - INFO - AI attack: (7, 7)
2023-12-14 12:54:24,538 - INFO - 127.0.0.1 - - [14/Dec/2023 12:54:24] "GET /attack?x=2&y=8 HTTP/1.1" 200 -
2023-12-14 12:54:24,886 - INFO - Player attack: 5, 8
2023-12-14 12:54:24,886 - INFO - Submarine has been sunk!
2023-12-14 12:54:24,886 - INFO - AI attack: (5, 7)
2023-12-14 12:54:24,887 - INFO - 127.0.0.1 - - [14/Dec/2023 12:54:24] "GET /attack?x=5&y=8 HTTP/1.1" 200 -
2023-12-14 12:54:25,140 - WARNING - Repeated attack coordinates: 5, 8
2023-12-14 12:54:25,140 - ERROR - Exception on /attack [GET]
Traceback (most recent call last):
  File "C:\Users\Owner\AppData\Local\Packages\PythonSoftwareFoundation.Python.3.11_qbz5n2kfra8p0\LocalCache\local-packages\Python311\site-packages\flask\app.py", line 1455, in wsgi_app
    response = self.full_dispatch_request()
               ^^^^^^^^^^^^^^^^^^^^^^^^^^^^
  File "C:\Users\Owner\AppData\Local\Packages\PythonSoftwareFoundation.Python.3.11_qbz5n2kfra8p0\LocalCache\local-packages\Python311\site-packages\flask\app.py", line 870, in full_dispatch_request
    return self.finalize_request(rv)
           ^^^^^^^^^^^^^^^^^^^^^^^^^
  File "C:\Users\Owner\AppData\Local\Packages\PythonSoftwareFoundation.Python.3.11_qbz5n2kfra8p0\LocalCache\local-packages\Python311\site-packages\flask\app.py", line 889, in finalize_request
    response = self.make_response(rv)
               ^^^^^^^^^^^^^^^^^^^^^^
  File "C:\Users\Owner\AppData\Local\Packages\PythonSoftwareFoundation.Python.3.11_qbz5n2kfra8p0\LocalCache\local-packages\Python311\site-packages\flask\app.py", line 1161, in make_response
    raise TypeError(
TypeError: The view function for 'process_attack' did not return a valid response. The function either returned None or ended without a return statement.
2023-12-14 12:54:25,141 - INFO - 127.0.0.1 - - [14/Dec/2023 12:54:25] "[35m[1mGET /attack?x=5&y=8 HTTP/1.1[0m" 500 -
2023-12-14 12:54:25,354 - INFO - Player attack: 5, 9
2023-12-14 12:54:25,355 - INFO - AI attack: (4, 7)
2023-12-14 12:54:25,355 - INFO - 127.0.0.1 - - [14/Dec/2023 12:54:25] "GET /attack?x=5&y=9 HTTP/1.1" 200 -
2023-12-14 12:54:25,596 - INFO - Player attack: 7, 9
2023-12-14 12:54:25,596 - INFO - AI attack: (8, 7)
2023-12-14 12:54:25,596 - INFO - 127.0.0.1 - - [14/Dec/2023 12:54:25] "GET /attack?x=7&y=9 HTTP/1.1" 200 -
2023-12-14 12:54:25,869 - INFO - Player attack: 7, 8
2023-12-14 12:54:25,869 - INFO - AI attack: (9, 0)
2023-12-14 12:54:25,869 - INFO - 127.0.0.1 - - [14/Dec/2023 12:54:25] "GET /attack?x=7&y=8 HTTP/1.1" 200 -
2023-12-14 12:54:26,502 - INFO - Player attack: 9, 7
2023-12-14 12:54:26,503 - INFO - AI attack: (2, 7)
2023-12-14 12:54:26,503 - INFO - 127.0.0.1 - - [14/Dec/2023 12:54:26] "GET /attack?x=9&y=7 HTTP/1.1" 200 -
2023-12-14 12:54:26,885 - INFO - Player attack: 8, 7
2023-12-14 12:54:26,885 - INFO - AI attack: (8, 6)
2023-12-14 12:54:26,885 - INFO - 127.0.0.1 - - [14/Dec/2023 12:54:26] "GET /attack?x=8&y=7 HTTP/1.1" 200 -
2023-12-14 12:54:27,373 - WARNING - Repeated attack coordinates: 9, 7
2023-12-14 12:54:27,374 - ERROR - Exception on /attack [GET]
Traceback (most recent call last):
  File "C:\Users\Owner\AppData\Local\Packages\PythonSoftwareFoundation.Python.3.11_qbz5n2kfra8p0\LocalCache\local-packages\Python311\site-packages\flask\app.py", line 1455, in wsgi_app
    response = self.full_dispatch_request()
               ^^^^^^^^^^^^^^^^^^^^^^^^^^^^
  File "C:\Users\Owner\AppData\Local\Packages\PythonSoftwareFoundation.Python.3.11_qbz5n2kfra8p0\LocalCache\local-packages\Python311\site-packages\flask\app.py", line 870, in full_dispatch_request
    return self.finalize_request(rv)
           ^^^^^^^^^^^^^^^^^^^^^^^^^
  File "C:\Users\Owner\AppData\Local\Packages\PythonSoftwareFoundation.Python.3.11_qbz5n2kfra8p0\LocalCache\local-packages\Python311\site-packages\flask\app.py", line 889, in finalize_request
    response = self.make_response(rv)
               ^^^^^^^^^^^^^^^^^^^^^^
  File "C:\Users\Owner\AppData\Local\Packages\PythonSoftwareFoundation.Python.3.11_qbz5n2kfra8p0\LocalCache\local-packages\Python311\site-packages\flask\app.py", line 1161, in make_response
    raise TypeError(
TypeError: The view function for 'process_attack' did not return a valid response. The function either returned None or ended without a return statement.
2023-12-14 12:54:27,374 - INFO - 127.0.0.1 - - [14/Dec/2023 12:54:27] "[35m[1mGET /attack?x=9&y=7 HTTP/1.1[0m" 500 -
2023-12-14 12:54:27,848 - WARNING - Repeated attack coordinates: 9, 7
2023-12-14 12:54:27,848 - ERROR - Exception on /attack [GET]
Traceback (most recent call last):
  File "C:\Users\Owner\AppData\Local\Packages\PythonSoftwareFoundation.Python.3.11_qbz5n2kfra8p0\LocalCache\local-packages\Python311\site-packages\flask\app.py", line 1455, in wsgi_app
    response = self.full_dispatch_request()
               ^^^^^^^^^^^^^^^^^^^^^^^^^^^^
  File "C:\Users\Owner\AppData\Local\Packages\PythonSoftwareFoundation.Python.3.11_qbz5n2kfra8p0\LocalCache\local-packages\Python311\site-packages\flask\app.py", line 870, in full_dispatch_request
    return self.finalize_request(rv)
           ^^^^^^^^^^^^^^^^^^^^^^^^^
  File "C:\Users\Owner\AppData\Local\Packages\PythonSoftwareFoundation.Python.3.11_qbz5n2kfra8p0\LocalCache\local-packages\Python311\site-packages\flask\app.py", line 889, in finalize_request
    response = self.make_response(rv)
               ^^^^^^^^^^^^^^^^^^^^^^
  File "C:\Users\Owner\AppData\Local\Packages\PythonSoftwareFoundation.Python.3.11_qbz5n2kfra8p0\LocalCache\local-packages\Python311\site-packages\flask\app.py", line 1161, in make_response
    raise TypeError(
TypeError: The view function for 'process_attack' did not return a valid response. The function either returned None or ended without a return statement.
2023-12-14 12:54:27,849 - INFO - 127.0.0.1 - - [14/Dec/2023 12:54:27] "[35m[1mGET /attack?x=9&y=7 HTTP/1.1[0m" 500 -
2023-12-14 12:54:28,203 - WARNING - Repeated attack coordinates: 9, 7
2023-12-14 12:54:28,203 - ERROR - Exception on /attack [GET]
Traceback (most recent call last):
  File "C:\Users\Owner\AppData\Local\Packages\PythonSoftwareFoundation.Python.3.11_qbz5n2kfra8p0\LocalCache\local-packages\Python311\site-packages\flask\app.py", line 1455, in wsgi_app
    response = self.full_dispatch_request()
               ^^^^^^^^^^^^^^^^^^^^^^^^^^^^
  File "C:\Users\Owner\AppData\Local\Packages\PythonSoftwareFoundation.Python.3.11_qbz5n2kfra8p0\LocalCache\local-packages\Python311\site-packages\flask\app.py", line 870, in full_dispatch_request
    return self.finalize_request(rv)
           ^^^^^^^^^^^^^^^^^^^^^^^^^
  File "C:\Users\Owner\AppData\Local\Packages\PythonSoftwareFoundation.Python.3.11_qbz5n2kfra8p0\LocalCache\local-packages\Python311\site-packages\flask\app.py", line 889, in finalize_request
    response = self.make_response(rv)
               ^^^^^^^^^^^^^^^^^^^^^^
  File "C:\Users\Owner\AppData\Local\Packages\PythonSoftwareFoundation.Python.3.11_qbz5n2kfra8p0\LocalCache\local-packages\Python311\site-packages\flask\app.py", line 1161, in make_response
    raise TypeError(
TypeError: The view function for 'process_attack' did not return a valid response. The function either returned None or ended without a return statement.
2023-12-14 12:54:28,204 - INFO - 127.0.0.1 - - [14/Dec/2023 12:54:28] "[35m[1mGET /attack?x=9&y=7 HTTP/1.1[0m" 500 -
2023-12-14 12:54:28,747 - INFO - Player attack: 9, 6
2023-12-14 12:54:28,748 - INFO - AI attack: (8, 1)
2023-12-14 12:54:28,748 - INFO - 127.0.0.1 - - [14/Dec/2023 12:54:28] "GET /attack?x=9&y=6 HTTP/1.1" 200 -
2023-12-14 12:54:29,079 - INFO - Player attack: 8, 6
2023-12-14 12:54:29,079 - INFO - AI attack: (2, 8)
2023-12-14 12:54:29,079 - INFO - 127.0.0.1 - - [14/Dec/2023 12:54:29] "GET /attack?x=8&y=6 HTTP/1.1" 200 -
2023-12-14 12:54:29,394 - INFO - Player attack: 6, 6
2023-12-14 12:54:29,395 - INFO - AI attack: (0, 1)
2023-12-14 12:54:29,395 - INFO - 127.0.0.1 - - [14/Dec/2023 12:54:29] "GET /attack?x=6&y=6 HTTP/1.1" 200 -
2023-12-14 12:54:29,959 - INFO - Player attack: 5, 6
2023-12-14 12:54:29,959 - INFO - AI attack: (1, 3)
2023-12-14 12:54:29,960 - INFO - 127.0.0.1 - - [14/Dec/2023 12:54:29] "GET /attack?x=5&y=6 HTTP/1.1" 200 -
2023-12-14 12:54:30,343 - INFO - Player attack: 5, 4
2023-12-14 12:54:30,344 - INFO - AI attack: (0, 3)
2023-12-14 12:54:30,344 - INFO - 127.0.0.1 - - [14/Dec/2023 12:54:30] "GET /attack?x=5&y=4 HTTP/1.1" 200 -
2023-12-14 12:54:30,673 - INFO - Player attack: 5, 3
2023-12-14 12:54:30,673 - INFO - AI attack: (1, 4)
2023-12-14 12:54:30,673 - INFO - 127.0.0.1 - - [14/Dec/2023 12:54:30] "GET /attack?x=5&y=3 HTTP/1.1" 200 -
2023-12-14 12:54:30,951 - INFO - Player attack: 2, 3
2023-12-14 12:54:30,952 - INFO - AI attack: (1, 2)
2023-12-14 12:54:30,952 - INFO - 127.0.0.1 - - [14/Dec/2023 12:54:30] "GET /attack?x=2&y=3 HTTP/1.1" 200 -
2023-12-14 12:54:31,720 - INFO - Player attack: 1, 3
2023-12-14 12:54:31,720 - INFO - AI attack: (1, 1)
2023-12-14 12:54:31,720 - INFO - 127.0.0.1 - - [14/Dec/2023 12:54:31] "GET /attack?x=1&y=3 HTTP/1.1" 200 -
2023-12-14 12:54:32,471 - INFO - Player attack: 3, 3
2023-12-14 12:54:32,471 - INFO - Battleship has been sunk!
2023-12-14 12:54:32,471 - INFO - AI attack: (1, 5)
2023-12-14 12:54:32,472 - INFO - 127.0.0.1 - - [14/Dec/2023 12:54:32] "GET /attack?x=3&y=3 HTTP/1.1" 200 -
2023-12-14 12:54:32,882 - INFO - Player attack: 2, 2
2023-12-14 12:54:32,882 - INFO - AI attack: (1, 6)
2023-12-14 12:54:32,883 - INFO - 127.0.0.1 - - [14/Dec/2023 12:54:32] "GET /attack?x=2&y=2 HTTP/1.1" 200 -
2023-12-14 12:54:33,240 - INFO - Cruiser has been sunk!
2023-12-14 12:54:33,240 - INFO - Player attack: 2, 1
2023-12-14 12:54:33,241 - INFO - AI attack: (4, 1)
2023-12-14 12:54:33,241 - INFO - 127.0.0.1 - - [14/Dec/2023 12:54:33] "GET /attack?x=2&y=1 HTTP/1.1" 200 -
2023-12-14 12:54:33,529 - INFO - Player attack: 2, 0
2023-12-14 12:54:33,530 - INFO - AI attack: (3, 9)
2023-12-14 12:54:33,530 - INFO - 127.0.0.1 - - [14/Dec/2023 12:54:33] "GET /attack?x=2&y=0 HTTP/1.1" 200 -
2023-12-14 12:54:33,947 - INFO - Player attack: 1, 0
2023-12-14 12:54:33,948 - INFO - AI attack: (7, 9)
2023-12-14 12:54:33,948 - INFO - 127.0.0.1 - - [14/Dec/2023 12:54:33] "GET /attack?x=1&y=0 HTTP/1.1" 200 -
2023-12-14 12:54:34,187 - INFO - Player attack: 1, 1
2023-12-14 12:54:34,187 - INFO - AI attack: (7, 5)
2023-12-14 12:54:34,187 - INFO - 127.0.0.1 - - [14/Dec/2023 12:54:34] "GET /attack?x=1&y=1 HTTP/1.1" 200 -
2023-12-14 12:54:34,480 - INFO - Player attack: 1, 2
2023-12-14 12:54:34,480 - INFO - AI attack: (7, 2)
2023-12-14 12:54:34,480 - INFO - 127.0.0.1 - - [14/Dec/2023 12:54:34] "GET /attack?x=1&y=2 HTTP/1.1" 200 -
2023-12-14 12:54:35,000 - INFO - Player attack: 0, 1
2023-12-14 12:54:35,001 - INFO - AI attack: (6, 3)
2023-12-14 12:54:35,001 - INFO - 127.0.0.1 - - [14/Dec/2023 12:54:35] "GET /attack?x=0&y=1 HTTP/1.1" 200 -
2023-12-14 12:54:35,625 - INFO - Player attack: 3, 1
2023-12-14 12:54:35,626 - INFO - AI attack: (8, 2)
2023-12-14 12:54:35,626 - INFO - 127.0.0.1 - - [14/Dec/2023 12:54:35] "GET /attack?x=3&y=1 HTTP/1.1" 200 -
2023-12-14 12:54:36,706 - INFO - Player attack: 9, 3
2023-12-14 12:54:36,706 - INFO - AI attack: (3, 6)
2023-12-14 12:54:36,706 - INFO - 127.0.0.1 - - [14/Dec/2023 12:54:36] "GET /attack?x=9&y=3 HTTP/1.1" 200 -
2023-12-14 12:54:37,248 - INFO - Player attack: 9, 2
2023-12-14 12:54:37,249 - INFO - AI attack: (7, 8)
2023-12-14 12:54:37,249 - INFO - 127.0.0.1 - - [14/Dec/2023 12:54:37] "GET /attack?x=9&y=2 HTTP/1.1" 200 -
2023-12-14 12:54:37,966 - INFO - Player attack: 8, 1
2023-12-14 12:54:37,967 - INFO - AI attack: (8, 8)
2023-12-14 12:54:37,967 - INFO - 127.0.0.1 - - [14/Dec/2023 12:54:37] "GET /attack?x=8&y=1 HTTP/1.1" 200 -
2023-12-14 12:54:38,402 - INFO - Player attack: 8, 2
2023-12-14 12:54:38,403 - INFO - AI attack: (2, 3)
2023-12-14 12:54:38,403 - INFO - 127.0.0.1 - - [14/Dec/2023 12:54:38] "GET /attack?x=8&y=2 HTTP/1.1" 200 -
2023-12-14 12:54:38,854 - INFO - Player attack: 8, 3
2023-12-14 12:54:38,854 - INFO - AI attack: (6, 5)
2023-12-14 12:54:38,854 - INFO - 127.0.0.1 - - [14/Dec/2023 12:54:38] "GET /attack?x=8&y=3 HTTP/1.1" 200 -
2023-12-14 12:54:39,290 - INFO - Player attack: 8, 4
2023-12-14 12:54:39,290 - INFO - AI attack: (1, 0)
2023-12-14 12:54:39,290 - INFO - 127.0.0.1 - - [14/Dec/2023 12:54:39] "GET /attack?x=8&y=4 HTTP/1.1" 200 -
2023-12-14 12:54:39,744 - INFO - Player attack: 8, 5
2023-12-14 12:54:39,745 - INFO - AI attack: (6, 2)
2023-12-14 12:54:39,745 - INFO - 127.0.0.1 - - [14/Dec/2023 12:54:39] "GET /attack?x=8&y=5 HTTP/1.1" 200 -
2023-12-14 12:54:40,391 - INFO - Aircraft Carrier has been sunk!
2023-12-14 12:54:40,391 - INFO - Player attack: 8, 0
2023-12-14 12:54:40,391 - INFO - AI attack: (7, 3)
2023-12-14 12:54:40,391 - INFO - 127.0.0.1 - - [14/Dec/2023 12:54:40] "GET /attack?x=8&y=0 HTTP/1.1" 200 -
2023-12-14 12:54:41,070 - INFO - Player attack: 9, 0
2023-12-14 12:54:41,071 - INFO - AI attack: (7, 6)
2023-12-14 12:54:41,071 - INFO - 127.0.0.1 - - [14/Dec/2023 12:54:41] "GET /attack?x=9&y=0 HTTP/1.1" 200 -
2023-12-14 12:54:42,130 - INFO - Player attack: 6, 7
2023-12-14 12:54:42,131 - INFO - AI attack: (2, 1)
2023-12-14 12:54:42,131 - INFO - 127.0.0.1 - - [14/Dec/2023 12:54:42] "GET /attack?x=6&y=7 HTTP/1.1" 200 -
2023-12-14 12:54:42,999 - INFO - Player attack: 4, 8
2023-12-14 12:54:43,000 - INFO - AI attack: (9, 8)
2023-12-14 12:54:43,000 - INFO - 127.0.0.1 - - [14/Dec/2023 12:54:43] "GET /attack?x=4&y=8 HTTP/1.1" 200 -
2023-12-14 12:54:43,884 - INFO - Player attack: 1, 9
2023-12-14 12:54:43,884 - INFO - AI attack: (7, 4)
2023-12-14 12:54:43,884 - INFO - 127.0.0.1 - - [14/Dec/2023 12:54:43] "GET /attack?x=1&y=9 HTTP/1.1" 200 -
2023-12-14 12:54:44,573 - INFO - Destroyer has been sunk!
2023-12-14 12:54:44,573 - INFO - Player attack: 1, 8
2023-12-14 12:54:44,574 - INFO - AI attack: (5, 6)
2023-12-14 12:54:44,574 - INFO - Game over, Player wins
2023-12-14 12:54:44,574 - INFO - 127.0.0.1 - - [14/Dec/2023 12:54:44] "GET /attack?x=1&y=8 HTTP/1.1" 200 -
2023-12-14 12:55:32,183 - INFO - 127.0.0.1 - - [14/Dec/2023 12:55:32] "GET /setup HTTP/1.1" 200 -
2023-12-14 14:13:47,585 - INFO - Simple game started
2023-12-14 14:13:52,541 - WARNING - Invalid board size entered: 0
